# JRE version: Java(TM) SE Runtime Environment (8.0_271-b09) (build 1.8.0_271-b09)
# Java VM: Java HotSpot(TM) 64-Bit Server VM (25.271-b09 mixed mode windows-amd64 compressed oops)
Heap:
 PSYoungGen      total 612864K, used 255761K [0x00000000d5580000, 0x00000000ffc00000, 0x0000000100000000)
  eden space 536064K, 46% used [0x00000000d5580000,0x00000000e47ba1f0,0x00000000f6100000)
  from space 76800K, 10% used [0x00000000fb100000,0x00000000fb88a538,0x00000000ffc00000)
  to   space 79360K, 0% used [0x00000000f6100000,0x00000000f6100000,0x00000000fae80000)
 ParOldGen       total 280064K, used 167711K [0x0000000080000000, 0x0000000091180000, 0x00000000d5580000)
  object space 280064K, 59% used [0x0000000080000000,0x000000008a3c7d70,0x0000000091180000)
 Metaspace       used 115352K, capacity 121235K, committed 121496K, reserved 1155072K
  class space    used 15468K, capacity 16507K, committed 16560K, reserved 1048576K
GC Heap History (10 events):
Event: 2344.132 GC heap before
{Heap before GC invocations=22 (full 4):
 PSYoungGen      total 442368K, used 438465K [0x00000000d5580000, 0x00000000fab00000, 0x0000000100000000)
  eden space 372736K, 100% used [0x00000000d5580000,0x00000000ec180000,0x00000000ec180000)
  from space 69632K, 94% used [0x00000000ec180000,0x00000000f01b0588,0x00000000f0580000)
  to   space 79360K, 0% used [0x00000000f5d80000,0x00000000f5d80000,0x00000000fab00000)
 ParOldGen       total 280064K, used 84286K [0x0000000080000000, 0x0000000091180000, 0x00000000d5580000)
  object space 280064K, 30% used [0x0000000080000000,0x000000008524fba8,0x0000000091180000)
 Metaspace       used 110622K, capacity 116215K, committed 116376K, reserved 1148928K
  class space    used 14968K, capacity 15963K, committed 16048K, reserved 1048576K
Event: 2344.180 GC heap after
Heap after GC invocations=22 (full 4):
 PSYoungGen      total 524800K, used 64289K [0x00000000d5580000, 0x00000000fc480000, 0x0000000100000000)
  eden space 445440K, 0% used [0x00000000d5580000,0x00000000d5580000,0x00000000f0880000)
  from space 79360K, 81% used [0x00000000f5d80000,0x00000000f9c48678,0x00000000fab00000)
  to   space 87040K, 0% used [0x00000000f0880000,0x00000000f0880000,0x00000000f5d80000)
 ParOldGen       total 280064K, used 90042K [0x0000000080000000, 0x0000000091180000, 0x00000000d5580000)
  object space 280064K, 32% used [0x0000000080000000,0x00000000857eeab0,0x0000000091180000)
 Metaspace       used 110622K, capacity 116215K, committed 116376K, reserved 1148928K
  class space    used 14968K, capacity 15963K, committed 16048K, reserved 1048576K
}
Event: 2344.779 GC heap before
{Heap before GC invocations=23 (full 4):
 PSYoungGen      total 524800K, used 509729K [0x00000000d5580000, 0x00000000fc480000, 0x0000000100000000)
  eden space 445440K, 100% used [0x00000000d5580000,0x00000000f0880000,0x00000000f0880000)
  from space 79360K, 81% used [0x00000000f5d80000,0x00000000f9c48678,0x00000000fab00000)
  to   space 87040K, 0% used [0x00000000f0880000,0x00000000f0880000,0x00000000f5d80000)
 ParOldGen       total 280064K, used 90042K [0x0000000080000000, 0x0000000091180000, 0x00000000d5580000)
  object space 280064K, 32% used [0x0000000080000000,0x00000000857eeab0,0x0000000091180000)
 Metaspace       used 110980K, capacity 116595K, committed 116888K, reserved 1150976K
  class space    used 14968K, capacity 15963K, committed 16048K, reserved 1048576K
Event: 2344.832 GC heap after
Heap after GC invocations=23 (full 4):
 PSYoungGen      total 532480K, used 24524K [0x00000000d5580000, 0x0000000100000000, 0x0000000100000000)
  eden space 445440K, 0% used [0x00000000d5580000,0x00000000d5580000,0x00000000f0880000)
  from space 87040K, 28% used [0x00000000f0880000,0x00000000f20732a0,0x00000000f5d80000)
  to   space 83456K, 0% used [0x00000000fae80000,0x00000000fae80000,0x0000000100000000)
 ParOldGen       total 280064K, used 134580K [0x0000000080000000, 0x0000000091180000, 0x00000000d5580000)
  object space 280064K, 48% used [0x0000000080000000,0x000000008836d110,0x0000000091180000)
 Metaspace       used 110980K, capacity 116595K, committed 116888K, reserved 1150976K
  class space    used 14968K, capacity 15963K, committed 16048K, reserved 1048576K
}
Event: 2345.425 GC heap before
{Heap before GC invocations=24 (full 4):
 PSYoungGen      total 532480K, used 469964K [0x00000000d5580000, 0x0000000100000000, 0x0000000100000000)
  eden space 445440K, 100% used [0x00000000d5580000,0x00000000f0880000,0x00000000f0880000)
  from space 87040K, 28% used [0x00000000f0880000,0x00000000f20732a0,0x00000000f5d80000)
  to   space 83456K, 0% used [0x00000000fae80000,0x00000000fae80000,0x0000000100000000)
 ParOldGen       total 280064K, used 134580K [0x0000000080000000, 0x0000000091180000, 0x00000000d5580000)
  object space 280064K, 48% used [0x0000000080000000,0x000000008836d110,0x0000000091180000)
 Metaspace       used 111050K, capacity 116671K, committed 116888K, reserved 1150976K
  class space    used 14969K, capacity 15963K, committed 16048K, reserved 1048576K
Event: 2345.451 GC heap after
Heap after GC invocations=24 (full 4):
 PSYoungGen      total 605184K, used 13987K [0x00000000d5580000, 0x00000000ff980000, 0x0000000100000000)
  eden space 528384K, 0% used [0x00000000d5580000,0x00000000d5580000,0x00000000f5980000)
  from space 76800K, 18% used [0x00000000fae80000,0x00000000fbc28f00,0x00000000ff980000)
  to   space 81920K, 0% used [0x00000000f5980000,0x00000000f5980000,0x00000000fa980000)
 ParOldGen       total 280064K, used 150895K [0x0000000080000000, 0x0000000091180000, 0x00000000d5580000)
  object space 280064K, 53% used [0x0000000080000000,0x000000008935bd68,0x0000000091180000)
 Metaspace       used 111050K, capacity 116671K, committed 116888K, reserved 1150976K
  class space    used 14969K, capacity 15963K, committed 16048K, reserved 1048576K
}
Event: 2346.629 GC heap before
{Heap before GC invocations=25 (full 4):
 PSYoungGen      total 605184K, used 542371K [0x00000000d5580000, 0x00000000ff980000, 0x0000000100000000)
  eden space 528384K, 100% used [0x00000000d5580000,0x00000000f5980000,0x00000000f5980000)
  from space 76800K, 18% used [0x00000000fae80000,0x00000000fbc28f00,0x00000000ff980000)
  to   space 81920K, 0% used [0x00000000f5980000,0x00000000f5980000,0x00000000fa980000)
 ParOldGen       total 280064K, used 150895K [0x0000000080000000, 0x0000000091180000, 0x00000000d5580000)
  object space 280064K, 53% used [0x0000000080000000,0x000000008935bd68,0x0000000091180000)
 Metaspace       used 111249K, capacity 116867K, committed 117144K, reserved 1150976K
  class space    used 14969K, capacity 15963K, committed 16048K, reserved 1048576K
Event: 2346.648 GC heap after
Heap after GC invocations=25 (full 4):
 PSYoungGen      total 610304K, used 8429K [0x00000000d5580000, 0x0000000100000000, 0x0000000100000000)
  eden space 528384K, 0% used [0x00000000d5580000,0x00000000d5580000,0x00000000f5980000)
  from space 81920K, 10% used [0x00000000f5980000,0x00000000f61bb748,0x00000000fa980000)
  to   space 80896K, 0% used [0x00000000fb100000,0x00000000fb100000,0x0000000100000000)
 ParOldGen       total 280064K, used 161737K [0x0000000080000000, 0x0000000091180000, 0x00000000d5580000)
  object space 280064K, 57% used [0x0000000080000000,0x0000000089df27a0,0x0000000091180000)
 Metaspace       used 111249K, capacity 116867K, committed 117144K, reserved 1150976K
  class space    used 14969K, capacity 15963K, committed 16048K, reserved 1048576K
}
Event: 2349.285 GC heap before
{Heap before GC invocations=26 (full 4):
 PSYoungGen      total 610304K, used 536813K [0x00000000d5580000, 0x0000000100000000, 0x0000000100000000)
  eden space 528384K, 100% used [0x00000000d5580000,0x00000000f5980000,0x00000000f5980000)
  from space 81920K, 10% used [0x00000000f5980000,0x00000000f61bb748,0x00000000fa980000)
  to   space 80896K, 0% used [0x00000000fb100000,0x00000000fb100000,0x0000000100000000)
 ParOldGen       total 280064K, used 161737K [0x0000000080000000, 0x0000000091180000, 0x00000000d5580000)
  object space 280064K, 57% used [0x0000000080000000,0x0000000089df27a0,0x0000000091180000)
 Metaspace       used 113476K, capacity 119303K, committed 119448K, reserved 1153024K
  class space    used 15187K, capacity 16215K, committed 16304K, reserved 1048576K
Event: 2349.298 GC heap after
Heap after GC invocations=26 (full 4):
 PSYoungGen      total 612864K, used 7721K [0x00000000d5580000, 0x00000000ffc00000, 0x0000000100000000)
  eden space 536064K, 0% used [0x00000000d5580000,0x00000000d5580000,0x00000000f6100000)
  from space 76800K, 10% used [0x00000000fb100000,0x00000000fb88a538,0x00000000ffc00000)
  to   space 79360K, 0% used [0x00000000f6100000,0x00000000f6100000,0x00000000fae80000)
 ParOldGen       total 280064K, used 167711K [0x0000000080000000, 0x0000000091180000, 0x00000000d5580000)
  object space 280064K, 59% used [0x0000000080000000,0x000000008a3c7d70,0x0000000091180000)
 Metaspace       used 113476K, capacity 119303K, committed 119448K, reserved 1153024K
  class space    used 15187K, capacity 16215K, committed 16304K, reserved 1048576K
}

